<?xml version='1.0'?>
<ns2:test-suite xmlns:ns2='urn:model.allure.qatools.yandex.ru' start='1591546967860' stop='1591547087449'>
    <name>Log in Test</name>
    <title>Log in Test</title>
    <test-cases>
        <test-case start='1591546967860' status='broken' stop='1591547027927'>
            <name>Verify sign up link exists on Log in page</name>
            <title>Verify sign up link exists on Log in page</title>
            <labels>
                <label name='language' value='javascript'/>
                <label name='framework' value='wdio'/>
                <label name='thread' value='0-0'/>
            </labels>
            <parameters>
                <parameter kind='argument' name='browser' value='chrome-83.0.4103.61'/>
            </parameters>
            <steps>
                <step start='1591546967930' status='broken' stop='1591547027927'>
                    <name>POST /session/:sessionId/url</name>
                    <title>POST /session/:sessionId/url</title>
                    <attachments>
                        <attachment title='Request' source='6bd0e518-e222-4498-b3f2-25d9deaafcdc-attachment.json' type='application/json' size='39'/>
                    </attachments>
                    <steps>
                        <step start='1591547017272' status='broken' stop='1591547027927'>
                            <name>GET /session/:sessionId/screenshot</name>
                            <title>GET /session/:sessionId/screenshot</title>
                            <attachments/>
                            <steps/>
                        </step>
                    </steps>
                </step>
            </steps>
            <attachments/>
            <failure>
                <message>Timeout of 60000ms exceeded. The execution in the test "Log in Test Verify sign up link exists on Log in page" took too long. Try to reduce the run time or increase your timeout for test specs (https://webdriver.io/docs/timeouts.html). (C:\Users\Asus\Documents\WdIO_POM\test\loginTest.js)</message>
                <stack-trace>Error: Timeout of 60000ms exceeded. The execution in the test "Log in Test Verify sign up link exists on Log in page" took too long. Try to reduce the run time or increase your timeout for test specs (https://webdriver.io/docs/timeouts.html). (C:\Users\Asus\Documents\WdIO_POM\test\loginTest.js)
                    at Test.Runnable._timeoutError (C:\Users\Asus\Documents\WdIO_POM\node_modules\mocha\lib\runnable.js:442:10)
                    at Timeout.&lt;anonymous> (C:\Users\Asus\Documents\WdIO_POM\node_modules\mocha\lib\runnable.js:252:24)
                    at listOnTimeout (internal/timers.js:549:17)
                    at processTimers (internal/timers.js:492:7)</stack-trace>
            </failure>
        </test-case>
        <test-case start='1591547027929' status='broken' stop='1591547087448'>
            <name>Verify page title</name>
            <title>Verify page title</title>
            <labels>
                <label name='language' value='javascript'/>
                <label name='framework' value='wdio'/>
                <label name='thread' value='0-0'/>
            </labels>
            <parameters>
                <parameter kind='argument' name='browser' value='chrome-83.0.4103.61'/>
            </parameters>
            <steps>
                <step start='1591547027932' status='broken' stop='1591547087447'>
                    <name>POST /session/:sessionId/url</name>
                    <title>POST /session/:sessionId/url</title>
                    <attachments>
                        <attachment title='Request' source='29884e06-b4db-4300-bebb-57924da46100-attachment.json' type='application/json' size='39'/>
                    </attachments>
                    <steps>
                        <step start='1591547065380' status='broken' stop='1591547087447'>
                            <name>GET /session/:sessionId/screenshot</name>
                            <title>GET /session/:sessionId/screenshot</title>
                            <attachments/>
                            <steps/>
                        </step>
                    </steps>
                </step>
            </steps>
            <attachments/>
            <failure>
                <message>chrome not reachable
                  (Session info: chrome=83.0.4103.61)
                  (Driver info: chromedriver=2.43.600210 (68dcf5eebde37173d4027fa8635e332711d2874a),platform=Windows NT 10.0.17134 x86_64)</message>
                <stack-trace>Error: chrome not reachable
                  (Session info: chrome=83.0.4103.61)
                  (Driver info: chromedriver=2.43.600210 (68dcf5eebde37173d4027fa8635e332711d2874a),platform=Windows NT 10.0.17134 x86_64)
                    at getErrorFromResponseBody (C:\Users\Asus\Documents\WdIO_POM\node_modules\webdriver\build\utils.js:121:10)
                    at WebDriverRequest._request (C:\Users\Asus\Documents\WdIO_POM\node_modules\webdriver\build\request.js:148:56)
                    at processTicksAndRejections (internal/process/task_queues.js:97:5)
                    at async Browser.runCommandWithHooks (C:\Users\Asus\Documents\WdIO_POM\node_modules\@wdio\sync\build\wrapCommand.js:88:21)
                    at Browser.runCommandWithHooks (C:\Users\Asus\Documents\WdIO_POM\node_modules\@wdio\sync\build\wrapCommand.js:82:22)
                    at Browser.wrapCommandFn (C:\Users\Asus\Documents\WdIO_POM\node_modules\@wdio\sync\build\wrapCommand.js:59:40)
                    at Context.&lt;anonymous> (C:\Users\Asus\Documents\WdIO_POM\test\loginTest.js:11:17)
                    at Context.executeSync (C:\Users\Asus\Documents\WdIO_POM\node_modules\@wdio\sync\build\index.js:56:18)
                    at C:\Users\Asus\Documents\WdIO_POM\node_modules\@wdio\sync\build\index.js:82:70</stack-trace>
            </failure>
        </test-case>
    </test-cases>
</ns2:test-suite>