<?xml version='1.0'?>
<ns2:test-suite xmlns:ns2='urn:model.allure.qatools.yandex.ru' start='1591547108069' stop='1591547192484'>
    <name>Log in Test</name>
    <title>Log in Test</title>
    <test-cases>
        <test-case start='1591547108069' status='broken' stop='1591547151392'>
            <name>Verify sign up link exists on Log in page</name>
            <title>Verify sign up link exists on Log in page</title>
            <labels>
                <label name='language' value='javascript'/>
                <label name='framework' value='wdio'/>
                <label name='thread' value='0-0'/>
            </labels>
            <parameters>
                <parameter kind='argument' name='browser' value='chrome-83.0.4103.61'/>
            </parameters>
            <steps>
                <step start='1591547108139' status='passed' stop='1591547149787'>
                    <name>POST /session/:sessionId/url</name>
                    <title>POST /session/:sessionId/url</title>
                    <attachments>
                        <attachment title='Request' source='fc525a3f-abf5-4416-8a6e-7c1d79e1e2e6-attachment.json' type='application/json' size='39'/>
                    </attachments>
                    <steps/>
                </step>
                <step start='1591547149788' status='passed' stop='1591547150816'>
                    <name>POST /session/:sessionId/window/current/maximize</name>
                    <title>POST /session/:sessionId/window/current/maximize</title>
                    <attachments>
                        <attachment title='Response' source='e13ba7dd-4a88-4bf7-b284-9c6f21952960-attachment.json' type='application/json' size='58'/>
                    </attachments>
                    <steps/>
                </step>
                <step start='1591547150819' status='passed' stop='1591547150940'>
                    <name>POST /session/:sessionId/element</name>
                    <title>POST /session/:sessionId/element</title>
                    <attachments>
                        <attachment title='Request' source='f444e0dd-b0ab-466f-96c7-b60b4d148bb0-attachment.json' type='application/json' size='58'/>
                        <attachment title='Response' source='34279c4a-366d-4f70-93f0-9bff980696d7-attachment.json' type='application/json' size='286'/>
                    </attachments>
                    <steps/>
                </step>
                <step start='1591547150956' status='passed' stop='1591547151004'>
                    <name>POST /session/:sessionId/element</name>
                    <title>POST /session/:sessionId/element</title>
                    <attachments>
                        <attachment title='Request' source='3898bd94-73ea-4a06-ba3a-0e3e6c7fecbe-attachment.json' type='application/json' size='58'/>
                        <attachment title='Response' source='1ffab2d2-85ae-4985-b093-30d639943f8c-attachment.json' type='application/json' size='286'/>
                    </attachments>
                    <steps/>
                </step>
                <step start='1591547151013' status='passed' stop='1591547151390'>
                    <name>GET /session/:sessionId/screenshot</name>
                    <title>GET /session/:sessionId/screenshot</title>
                    <attachments>
                        <attachment title='Screenshot' source='9913183d-52f2-4b98-94b2-7883d712f723-attachment.png' type='image/png' size='20640'/>
                    </attachments>
                    <steps/>
                </step>
            </steps>
            <attachments/>
            <failure>
                <message>this.signUpLink is not a function</message>
                <stack-trace>TypeError: this.signUpLink is not a function
                    at LoginPage.isSignUpPageExist (C:\Users\Asus\Documents\WdIO_POM\pages\login.page.js:17:47)
                    at Context.&lt;anonymous> (C:\Users\Asus\Documents\WdIO_POM\test\loginTest.js:7:31)
                    at Context.executeSync (C:\Users\Asus\Documents\WdIO_POM\node_modules\@wdio\sync\build\index.js:56:18)
                    at C:\Users\Asus\Documents\WdIO_POM\node_modules\@wdio\sync\build\index.js:82:70</stack-trace>
            </failure>
        </test-case>
        <test-case start='1591547151393' status='broken' stop='1591547192480'>
            <name>Verify page title</name>
            <title>Verify page title</title>
            <labels>
                <label name='language' value='javascript'/>
                <label name='framework' value='wdio'/>
                <label name='thread' value='0-0'/>
            </labels>
            <parameters>
                <parameter kind='argument' name='browser' value='chrome-83.0.4103.61'/>
            </parameters>
            <steps>
                <step start='1591547151397' status='broken' stop='1591547192480'>
                    <name>POST /session/:sessionId/url</name>
                    <title>POST /session/:sessionId/url</title>
                    <attachments>
                        <attachment title='Request' source='98faaf3b-0a63-4359-8cb4-e21333f1447d-attachment.json' type='application/json' size='39'/>
                    </attachments>
                    <steps>
                        <step start='1591547168398' status='broken' stop='1591547192480'>
                            <name>GET /session/:sessionId/screenshot</name>
                            <title>GET /session/:sessionId/screenshot</title>
                            <attachments/>
                            <steps/>
                        </step>
                    </steps>
                </step>
            </steps>
            <attachments/>
            <failure>
                <message>chrome not reachable
                  (Session info: chrome=83.0.4103.61)
                  (Driver info: chromedriver=2.43.600210 (68dcf5eebde37173d4027fa8635e332711d2874a),platform=Windows NT 10.0.17134 x86_64)</message>
                <stack-trace>Error: chrome not reachable
                  (Session info: chrome=83.0.4103.61)
                  (Driver info: chromedriver=2.43.600210 (68dcf5eebde37173d4027fa8635e332711d2874a),platform=Windows NT 10.0.17134 x86_64)
                    at getErrorFromResponseBody (C:\Users\Asus\Documents\WdIO_POM\node_modules\webdriver\build\utils.js:121:10)
                    at WebDriverRequest._request (C:\Users\Asus\Documents\WdIO_POM\node_modules\webdriver\build\request.js:148:56)
                    at processTicksAndRejections (internal/process/task_queues.js:97:5)
                    at async Browser.runCommandWithHooks (C:\Users\Asus\Documents\WdIO_POM\node_modules\@wdio\sync\build\wrapCommand.js:88:21)
                    at Browser.runCommandWithHooks (C:\Users\Asus\Documents\WdIO_POM\node_modules\@wdio\sync\build\wrapCommand.js:82:22)
                    at Browser.wrapCommandFn (C:\Users\Asus\Documents\WdIO_POM\node_modules\@wdio\sync\build\wrapCommand.js:59:40)
                    at Context.&lt;anonymous> (C:\Users\Asus\Documents\WdIO_POM\test\loginTest.js:11:17)
                    at Context.executeSync (C:\Users\Asus\Documents\WdIO_POM\node_modules\@wdio\sync\build\index.js:56:18)
                    at C:\Users\Asus\Documents\WdIO_POM\node_modules\@wdio\sync\build\index.js:82:70</stack-trace>
            </failure>
        </test-case>
    </test-cases>
</ns2:test-suite>