<?xml version='1.0'?>
<ns2:test-suite xmlns:ns2='urn:model.allure.qatools.yandex.ru' start='1591547847856' stop='1591547898989'>
    <name>Log in Test</name>
    <title>Log in Test</title>
    <test-cases>
        <test-case start='1591547847856' status='broken' stop='1591547897323'>
            <name>Verify sign up link exists on Log in page</name>
            <title>Verify sign up link exists on Log in page</title>
            <labels>
                <label name='language' value='javascript'/>
                <label name='framework' value='wdio'/>
                <label name='thread' value='0-0'/>
            </labels>
            <parameters>
                <parameter kind='argument' name='browser' value='Chrome-10.0.17134'/>
            </parameters>
            <steps>
                <step start='1591547847933' status='passed' stop='1591547852546'>
                    <name>undefined undefined</name>
                    <title>undefined undefined</title>
                    <attachments/>
                    <steps/>
                </step>
                <step start='1591547852564' status='passed' stop='1591547852579'>
                    <name>undefined undefined</name>
                    <title>undefined undefined</title>
                    <attachments/>
                    <steps/>
                </step>
                <step start='1591547852611' status='passed' stop='1591547852614'>
                    <name>undefined undefined</name>
                    <title>undefined undefined</title>
                    <attachments/>
                    <steps/>
                </step>
                <step start='1591547853113' status='passed' stop='1591547853116'>
                    <name>undefined undefined</name>
                    <title>undefined undefined</title>
                    <attachments/>
                    <steps/>
                </step>
                <step start='1591547853728' status='passed' stop='1591547853732'>
                    <name>undefined undefined</name>
                    <title>undefined undefined</title>
                    <attachments/>
                    <steps/>
                </step>
                <step start='1591547854111' status='passed' stop='1591547854113'>
                    <name>undefined undefined</name>
                    <title>undefined undefined</title>
                    <attachments/>
                    <steps/>
                </step>
                <step start='1591547854611' status='passed' stop='1591547854613'>
                    <name>undefined undefined</name>
                    <title>undefined undefined</title>
                    <attachments/>
                    <steps/>
                </step>
                <step start='1591547855111' status='passed' stop='1591547855114'>
                    <name>undefined undefined</name>
                    <title>undefined undefined</title>
                    <attachments/>
                    <steps/>
                </step>
                <step start='1591547855611' status='passed' stop='1591547855613'>
                    <name>undefined undefined</name>
                    <title>undefined undefined</title>
                    <attachments/>
                    <steps/>
                </step>
                <step start='1591547856111' status='passed' stop='1591547856113'>
                    <name>undefined undefined</name>
                    <title>undefined undefined</title>
                    <attachments/>
                    <steps/>
                </step>
                <step start='1591547856611' status='passed' stop='1591547856613'>
                    <name>undefined undefined</name>
                    <title>undefined undefined</title>
                    <attachments/>
                    <steps/>
                </step>
                <step start='1591547857111' status='passed' stop='1591547857113'>
                    <name>undefined undefined</name>
                    <title>undefined undefined</title>
                    <attachments/>
                    <steps/>
                </step>
                <step start='1591547857611' status='passed' stop='1591547857613'>
                    <name>undefined undefined</name>
                    <title>undefined undefined</title>
                    <attachments/>
                    <steps/>
                </step>
                <step start='1591547896885' status='passed' stop='1591547897319'>
                    <name>undefined undefined</name>
                    <title>undefined undefined</title>
                    <attachments/>
                    <steps>
                        <step start='1591547896889' status='passed' stop='1591547896896'>
                            <name>undefined undefined</name>
                            <title>undefined undefined</title>
                            <attachments/>
                            <steps/>
                        </step>
                        <step start='1591547896919' status='passed' stop='1591547896953'>
                            <name>undefined undefined</name>
                            <title>undefined undefined</title>
                            <attachments/>
                            <steps/>
                        </step>
                    </steps>
                </step>
            </steps>
            <attachments/>
            <failure>
                <message>element (".signup-link>a") still not displayed after 10000ms</message>
                <stack-trace>Error: element (".signup-link>a") still not displayed after 10000ms
                    at C:\Users\Asus\Documents\WdIO_POM\node_modules\webdriverio\build\commands\browser\waitUntil.js:34:15
                    at async Element.elementErrorHandlerCallbackFn (C:\Users\Asus\Documents\WdIO_POM\node_modules\webdriverio\build\middlewares.js:21:24)
                    at async Element.runCommandWithHooks (C:\Users\Asus\Documents\WdIO_POM\node_modules\@wdio\sync\build\wrapCommand.js:88:21)
                    at Element.runCommandWithHooks (C:\Users\Asus\Documents\WdIO_POM\node_modules\@wdio\sync\build\wrapCommand.js:82:22)
                    at Element.wrapCommandFn (C:\Users\Asus\Documents\WdIO_POM\node_modules\@wdio\sync\build\wrapCommand.js:59:40)
                    at Element.elementErrorHandlerCallback (C:\Users\Asus\Documents\WdIO_POM\node_modules\webdriverio\build\middlewares.js:40:8)
                    at Element.waitForDisplayed (C:\Users\Asus\Documents\WdIO_POM\node_modules\webdriverio\build\commands\element\waitForDisplayed.js:14:15)
                    at Element.wrapCommandFn (C:\Users\Asus\Documents\WdIO_POM\node_modules\@wdio\sync\build\wrapCommand.js:54:17)
                    at Element.elementErrorHandlerCallbackFn (C:\Users\Asus\Documents\WdIO_POM\node_modules\webdriverio\build\middlewares.js:21:57)
                    at processTicksAndRejections (internal/process/task_queues.js:97:5)
                    at ElementUtil.waitForElementToDisplay (C:\Users\Asus\Documents\WdIO_POM\util\elementUtil.js:30:17)
                    at LoginPage.isSignUpPageExist (C:\Users\Asus\Documents\WdIO_POM\pages\login.page.js:17:18)
                    at Context.&lt;anonymous> (C:\Users\Asus\Documents\WdIO_POM\test\loginTest.js:6:31)
                    at Context.executeSync (C:\Users\Asus\Documents\WdIO_POM\node_modules\@wdio\sync\build\index.js:56:18)
                    at C:\Users\Asus\Documents\WdIO_POM\node_modules\@wdio\sync\build\index.js:82:70</stack-trace>
            </failure>
        </test-case>
        <test-case start='1591547897325' status='broken' stop='1591547898985'>
            <name>Verify page title</name>
            <title>Verify page title</title>
            <labels>
                <label name='language' value='javascript'/>
                <label name='framework' value='wdio'/>
                <label name='thread' value='0-0'/>
            </labels>
            <parameters>
                <parameter kind='argument' name='browser' value='Chrome-10.0.17134'/>
            </parameters>
            <steps>
                <step start='1591547897332' status='passed' stop='1591547898560'>
                    <name>undefined undefined</name>
                    <title>undefined undefined</title>
                    <attachments/>
                    <steps/>
                </step>
                <step start='1591547898578' status='passed' stop='1591547898983'>
                    <name>undefined undefined</name>
                    <title>undefined undefined</title>
                    <attachments/>
                    <steps/>
                </step>
            </steps>
            <attachments/>
            <failure>
                <message>Command "maximizeWindow" is not yet implemented</message>
                <stack-trace>Error: Command "maximizeWindow" is not yet implemented
                    at Browser.retries (C:\Users\Asus\Documents\WdIO_POM\node_modules\devtools\build\devtoolsdriver.js:75:15)
                    at Browser.runCommandWithHooks (C:\Users\Asus\Documents\WdIO_POM\node_modules\@wdio\sync\build\wrapCommand.js:88:30)
                    at processTicksAndRejections (internal/process/task_queues.js:97:5)
                    at Browser.runCommandWithHooks (C:\Users\Asus\Documents\WdIO_POM\node_modules\@wdio\sync\build\wrapCommand.js:82:22)
                    at Browser.wrapCommandFn (C:\Users\Asus\Documents\WdIO_POM\node_modules\@wdio\sync\build\wrapCommand.js:59:40)
                    at Context.&lt;anonymous> (C:\Users\Asus\Documents\WdIO_POM\test\loginTest.js:11:17)
                    at Context.executeSync (C:\Users\Asus\Documents\WdIO_POM\node_modules\@wdio\sync\build\index.js:56:18)
                    at C:\Users\Asus\Documents\WdIO_POM\node_modules\@wdio\sync\build\index.js:82:70</stack-trace>
            </failure>
        </test-case>
    </test-cases>
</ns2:test-suite>